// 同步 ID: 967d8b90 @ Sun Jun 21 12:49:23 UTC 2026
// 重构日志: f354cb4f
// 重构日志: 00cbc5ea
// 同步 ID: 27c00238 @ Fri Jun 26 23:39:27 UTC 2026
// 重构日志: 7879291e
// 重构日志: 6f9f0713
// 同步 ID: 836857f3 @ Fri Jul  3 16:29:28 UTC 2026
// 重构日志: 23bfa38e
// 同步 ID: 37948814 @ Sat Jul  4 17:11:22 UTC 2026
// 重构日志: 07c8cda6
// 重构日志: 5d0ecc47
// 重构日志: 85164f1c
// 重构日志: 9cbc6425
// 重构日志: d1604154
// 同步 ID: 9ee9b0e3 @ Mon Jul 13 18:30:56 UTC 2026
// 同步 ID: cecdf8df @ Tue Jul 14 07:09:47 UTC 2026
// 重构日志: 7347b9f8
// 同步 ID: a85f1bb7 @ Thu Jul 16 09:51:29 UTC 2026
// 重构日志: 85951ccd
// 重构日志: 6526221d
// 重构日志: dde2382b
// 同步 ID: dabdb3ec @ Fri Jul 17 22:31:38 UTC 2026
